2022-06-16 00:43:33,377 - root - INFO - ********************Test_001_Login*********************
2022-06-16 00:43:33,378 - root - INFO - ********************Verifying Home Page Title*********************
2022-06-16 00:43:39,964 - root - INFO - ********************Home Page Title Test is Passed*********************
2022-06-16 00:43:42,136 - root - INFO - ********************Verifying Login Test*********************
2022-06-16 00:43:48,987 - root - INFO - ********************Login Test is Passed*********************
2022-06-16 10:51:24,351 - root - INFO - ********************Test_001_Login*********************
2022-06-16 10:51:24,355 - root - INFO - ********************Verifying Home Page Title*********************
2022-06-16 10:51:31,168 - root - INFO - ********************Home Page Title Test is Passed*********************
2022-06-16 10:51:34,139 - root - INFO - ********************Verifying Login Test*********************
2022-06-16 10:52:41,198 - root - INFO - ********************Test_001_Login*********************
2022-06-16 10:52:41,199 - root - INFO - ********************Verifying Home Page Title*********************
2022-06-16 10:52:46,102 - root - INFO - ********************Home Page Title Test is Passed*********************
2022-06-16 10:52:54,357 - root - INFO - ********************Verifying Login Test*********************
2022-06-16 10:52:58,605 - root - INFO - ********************Login Test is Passed*********************
2022-06-16 10:55:48,877 - root - INFO - ********************Test_001_Login*********************
2022-06-16 10:55:48,877 - root - INFO - ********************Verifying Home Page Title*********************
2022-06-16 10:55:50,918 - root - INFO - ********************Home Page Title Test is Passed*********************
2022-06-16 10:55:55,128 - root - INFO - ********************Verifying Login Test*********************
2022-06-16 10:56:16,933 - root - INFO - ********************Login Test is Passed*********************
2022-06-16 10:58:51,553 - root - INFO - ********************Verifying Login Test*********************
2022-06-16 10:58:51,644 - root - INFO - ********************Test_001_Login*********************
2022-06-16 10:58:51,645 - root - INFO - ********************Verifying Home Page Title*********************
2022-06-16 10:58:59,187 - root - INFO - ********************Home Page Title Test is Passed*********************
2022-06-16 10:58:59,790 - root - INFO - ********************Login Test is Passed*********************
2022-06-16 11:08:20,494 - root - INFO - ********************Test_001_Login*********************
2022-06-16 11:08:20,495 - root - INFO - ********************Verifying Home Page Title*********************
2022-06-16 11:08:20,578 - root - INFO - ********************Verifying Login Test*********************
2022-06-16 11:08:27,677 - root - INFO - ********************Home Page Title Test is Passed*********************
2022-06-16 11:08:28,305 - root - INFO - ********************Login Test is Passed*********************
2022-06-16 11:13:17,620 - root - INFO - ********************Verifying Login Test*********************
2022-06-16 11:13:17,692 - root - INFO - ********************Test_001_Login*********************
2022-06-16 11:13:17,693 - root - INFO - ********************Verifying Home Page Title*********************
2022-06-16 11:13:25,071 - root - INFO - ********************Home Page Title Test is Passed*********************
2022-06-16 11:13:41,932 - root - INFO - ********************Login Test is Passed*********************
2022-06-16 11:59:33,558 - root - INFO - ********************Test_002_DDT_Login*********************
2022-06-16 11:59:33,559 - root - INFO - ********************Verifying Login DDT Test*********************
2022-06-16 12:01:18,137 - root - INFO - ********************Test_002_DDT_Login*********************
2022-06-16 12:01:18,139 - root - INFO - ********************Verifying Login DDT Test*********************
2022-06-16 12:01:28,586 - root - INFO - ********************Login Test is Passed*********************
2022-06-16 12:02:56,338 - root - INFO - ********************Test_002_DDT_Login*********************
2022-06-16 12:02:56,339 - root - INFO - ********************Verifying Login DDT Test*********************
2022-06-16 12:03:07,360 - root - INFO - ********************Login Test is Passed*********************
2022-06-16 12:03:43,443 - root - INFO - ********************Test_002_DDT_Login*********************
2022-06-16 12:03:43,444 - root - INFO - ********************Verifying Login DDT Test*********************
2022-06-16 12:04:10,114 - root - INFO - ********************Login Test is Passed*********************
2022-06-16 12:04:20,573 - root - INFO - ********************Login Test is Passed*********************
2022-06-16 12:04:26,596 - root - INFO - ********************Login Test is Passed*********************
2022-06-16 12:04:32,443 - root - INFO - ********************Login Test is Passed*********************
2022-06-16 12:04:32,443 - root - INFO - ********************Login DDT Test is Passed*********************
2022-06-16 12:04:32,693 - root - INFO - ********************End of Login DDT Test*********************
2022-06-16 12:04:32,693 - root - INFO - ********************Completed TC_LoginDDT_002*********************
2022-06-16 18:38:09,029 - root - INFO - ***************** Test_003_AddCustomer *******************
2022-06-16 18:38:16,272 - root - INFO - ***************** Login Successful *******************
2022-06-16 18:38:16,272 - root - INFO - ***************** Start Add Customer Test *******************
2022-06-16 18:38:20,045 - root - INFO - ***************** Providing Customer Info *******************
2022-06-16 18:38:45,729 - root - INFO - ***************** Test_003_AddCustomer *******************
2022-06-16 18:39:05,797 - root - INFO - ***************** Login Successful *******************
2022-06-16 18:39:05,798 - root - INFO - ***************** Start Add Customer Test *******************
2022-06-16 18:39:09,837 - root - INFO - ***************** Providing Customer Info *******************
2022-06-16 18:41:13,085 - root - INFO - ***************** Test_003_AddCustomer *******************
2022-06-16 18:41:19,372 - root - INFO - ***************** Login Successful *******************
2022-06-16 18:41:19,372 - root - INFO - ***************** Start Add Customer Test *******************
2022-06-16 18:41:44,309 - root - INFO - ***************** Test_003_AddCustomer *******************
2022-06-16 18:41:50,307 - root - INFO - ***************** Login Successful *******************
2022-06-16 18:41:50,307 - root - INFO - ***************** Start Add Customer Test *******************
2022-06-16 18:41:53,260 - root - INFO - ***************** Providing Customer Info *******************
2022-06-16 18:42:09,440 - root - INFO - ***************** Test_003_AddCustomer *******************
2022-06-16 18:42:15,977 - root - INFO - ***************** Login Successful *******************
2022-06-16 18:42:15,978 - root - INFO - ***************** Start Add Customer Test *******************
2022-06-16 18:42:19,694 - root - INFO - ***************** Providing Customer Info *******************
2022-06-16 18:43:49,324 - root - INFO - ***************** Test_003_AddCustomer *******************
2022-06-16 18:44:13,441 - root - INFO - ***************** Login Successful *******************
2022-06-16 18:44:13,441 - root - INFO - ***************** Start Add Customer Test *******************
2022-06-16 18:44:32,728 - root - INFO - ***************** Providing Customer Info *******************
2022-06-16 18:46:35,653 - root - INFO - ***************** Test_003_AddCustomer *******************
2022-06-16 18:46:42,648 - root - INFO - ***************** Login Successful *******************
2022-06-16 18:46:42,649 - root - INFO - ***************** Start Add Customer Test *******************
2022-06-16 18:46:46,634 - root - INFO - ***************** Providing Customer Info *******************
2022-06-16 18:47:28,277 - root - INFO - ***************** Saving Customer info *******************
2022-06-16 18:47:28,278 - root - INFO - ***************** Add Customer Validation Started *******************
2022-06-16 18:47:28,521 - root - INFO - ***************** Add Customer Test Failed *******************
2022-06-16 18:48:08,892 - root - INFO - ***************** Test_003_AddCustomer *******************
2022-06-16 18:48:32,570 - root - INFO - ***************** Login Successful *******************
2022-06-16 18:48:32,571 - root - INFO - ***************** Start Add Customer Test *******************
2022-06-16 18:48:37,708 - root - INFO - ***************** Providing Customer Info *******************
2022-06-16 18:48:50,579 - root - INFO - ***************** Saving Customer info *******************
2022-06-16 18:48:50,580 - root - INFO - ***************** Add Customer Validation Started *******************
2022-06-16 18:48:51,417 - root - INFO - ***************** Add Customer Test Failed *******************
2022-06-16 18:49:52,924 - root - INFO - ***************** Test_003_AddCustomer *******************
2022-06-16 18:50:00,044 - root - INFO - ***************** Login Successful *******************
2022-06-16 18:50:00,045 - root - INFO - ***************** Start Add Customer Test *******************
2022-06-16 18:50:03,566 - root - INFO - ***************** Providing Customer Info *******************
2022-06-16 18:50:18,850 - root - INFO - ***************** Saving Customer info *******************
2022-06-16 18:50:18,850 - root - INFO - ***************** Add Customer Validation Started *******************
2022-06-16 18:50:36,161 - root - INFO - ***************** Add Customer Test Passed *******************
2022-06-16 18:50:36,343 - root - INFO - ***************** Ending Add Customer Test *******************
2022-06-16 18:50:36,343 - root - INFO - None
2022-06-16 19:51:54,251 - root - INFO - ******************** SearchCustomerByEmail_004 *********************
2022-06-16 19:52:00,785 - root - INFO - ***************** Login Successful *******************
2022-06-16 19:52:00,785 - root - INFO - ***************** Start SearchCustomerByEmail Test *******************
2022-06-16 19:52:04,075 - root - INFO - ***************** searching customer by email id *******************
2022-06-16 19:54:12,348 - root - INFO - ******************** SearchCustomerByEmail_004 *********************
2022-06-16 19:56:03,968 - root - INFO - ******************** SearchCustomerByEmail_004 *********************
2022-06-16 19:56:27,518 - root - INFO - ***************** Login Successful *******************
2022-06-16 19:56:27,518 - root - INFO - ***************** Start SearchCustomerByEmail Test *******************
2022-06-16 19:56:28,958 - root - INFO - ***************** searching customer by email id *******************
2022-06-16 19:58:11,911 - root - INFO - ******************** SearchCustomerByEmail_004 *********************
2022-06-16 19:58:21,942 - root - INFO - ***************** Login Successful *******************
2022-06-16 19:58:21,942 - root - INFO - ***************** Start SearchCustomerByEmail Test *******************
2022-06-16 19:58:23,918 - root - INFO - ***************** searching customer by email id *******************
2022-06-16 20:04:31,459 - root - INFO - ******************** SearchCustomerByEmail_004 *********************
2022-06-16 20:05:09,266 - root - INFO - ***************** Login Successful *******************
2022-06-16 20:05:09,266 - root - INFO - ***************** Start SearchCustomerByEmail Test *******************
2022-06-16 20:09:13,998 - root - INFO - ******************** SearchCustomerByEmail_004 *********************
2022-06-16 20:09:20,738 - root - INFO - ***************** Login Successful *******************
2022-06-16 20:09:20,738 - root - INFO - ***************** Start SearchCustomerByEmail Test *******************
2022-06-16 20:09:22,894 - root - INFO - ***************** searching customer by email id *******************
2022-06-16 20:17:28,661 - root - INFO - ******************** SearchCustomerByEmail_004 *********************
2022-06-16 20:19:37,913 - root - INFO - ***************** Login Successful *******************
2022-06-16 20:19:37,914 - root - INFO - ***************** Start SearchCustomerByEmail Test *******************
2022-06-16 20:20:54,604 - root - INFO - ******************** SearchCustomerByEmail_004 *********************
2022-06-16 20:21:37,362 - root - INFO - ******************** SearchCustomerByEmail_004 *********************
2022-06-16 20:22:13,964 - root - INFO - ***************** Login Successful *******************
2022-06-16 20:22:13,964 - root - INFO - ***************** Start SearchCustomerByEmail Test *******************
2022-06-16 20:22:47,581 - root - INFO - ******************** SearchCustomerByEmail_004 *********************
2022-06-16 20:22:51,746 - root - INFO - ***************** Login Successful *******************
2022-06-16 20:22:51,746 - root - INFO - ***************** Start SearchCustomerByEmail Test *******************
2022-06-16 20:22:54,811 - root - INFO - ***************** searching customer by email id *******************
2022-06-16 20:23:26,441 - root - INFO - ******************** SearchCustomerByEmail_004 *********************
2022-06-16 20:23:49,028 - root - INFO - ***************** Login Successful *******************
2022-06-16 20:23:49,028 - root - INFO - ***************** Start SearchCustomerByEmail Test *******************
2022-06-16 20:23:52,669 - root - INFO - ***************** searching customer by email id *******************
2022-06-16 20:26:01,259 - root - INFO - ******************** SearchCustomerByEmail_004 *********************
2022-06-16 20:26:25,391 - root - INFO - ***************** Login Successful *******************
2022-06-16 20:26:25,391 - root - INFO - ***************** Start SearchCustomerByEmail Test *******************
2022-06-16 20:26:27,361 - root - INFO - ***************** searching customer by email id *******************
2022-06-16 20:29:34,953 - root - INFO - ************* SearchCustomerByEmail_004 **********
2022-06-16 22:38:34,592 - root - INFO - ************* SearchCustomerByEmail_004 **********
2022-06-16 22:42:36,046 - root - INFO - ************* SearchCustomerByName_005 **********
2022-06-16 22:45:23,310 - root - INFO - ************* SearchCustomerByName_005 **********
2022-06-16 22:45:59,407 - root - INFO - ************* SearchCustomerByName_005 **********
2022-06-16 22:48:39,929 - root - INFO - ************* SearchCustomerByEmail_004 **********
2022-06-16 23:06:26,861 - root - INFO - ***************** Test_003_AddCustomer *******************
2022-06-16 23:06:26,861 - root - INFO - ***************** Test_003_AddCustomer *******************
2022-06-16 23:06:26,861 - root - INFO - ***************** Test_003_AddCustomer *******************
2022-06-16 23:06:26,861 - root - INFO - ***************** Test_003_AddCustomer *******************
2022-06-16 23:06:26,861 - root - INFO - ***************** Test_003_AddCustomer *******************
2022-06-16 23:06:34,762 - root - INFO - ***************** Login Successful *******************
2022-06-16 23:06:34,762 - root - INFO - ***************** Login Successful *******************
2022-06-16 23:06:34,762 - root - INFO - ***************** Login Successful *******************
2022-06-16 23:06:34,762 - root - INFO - ***************** Login Successful *******************
2022-06-16 23:06:34,762 - root - INFO - ***************** Login Successful *******************
2022-06-16 23:06:34,763 - root - INFO - ***************** Start Add Customer Test *******************
2022-06-16 23:06:34,763 - root - INFO - ***************** Start Add Customer Test *******************
2022-06-16 23:06:34,763 - root - INFO - ***************** Start Add Customer Test *******************
2022-06-16 23:06:34,763 - root - INFO - ***************** Start Add Customer Test *******************
2022-06-16 23:06:34,763 - root - INFO - ***************** Start Add Customer Test *******************
2022-06-16 23:06:38,939 - root - INFO - ***************** Providing Customer Info *******************
2022-06-16 23:06:38,939 - root - INFO - ***************** Providing Customer Info *******************
2022-06-16 23:06:38,939 - root - INFO - ***************** Providing Customer Info *******************
2022-06-16 23:06:38,939 - root - INFO - ***************** Providing Customer Info *******************
2022-06-16 23:06:38,939 - root - INFO - ***************** Providing Customer Info *******************
2022-06-16 23:07:21,701 - root - INFO - ***************** Saving Customer info *******************
2022-06-16 23:07:21,701 - root - INFO - ***************** Saving Customer info *******************
2022-06-16 23:07:21,701 - root - INFO - ***************** Saving Customer info *******************
2022-06-16 23:07:21,701 - root - INFO - ***************** Saving Customer info *******************
2022-06-16 23:07:21,701 - root - INFO - ***************** Saving Customer info *******************
2022-06-16 23:07:21,702 - root - INFO - ***************** Add Customer Validation Started *******************
2022-06-16 23:07:21,702 - root - INFO - ***************** Add Customer Validation Started *******************
2022-06-16 23:07:21,702 - root - INFO - ***************** Add Customer Validation Started *******************
2022-06-16 23:07:21,702 - root - INFO - ***************** Add Customer Validation Started *******************
2022-06-16 23:07:21,702 - root - INFO - ***************** Add Customer Validation Started *******************
2022-06-16 23:07:21,968 - root - INFO - ***************** Add Customer Test Failed *******************
2022-06-16 23:07:21,968 - root - INFO - ***************** Add Customer Test Failed *******************
2022-06-16 23:07:21,968 - root - INFO - ***************** Add Customer Test Failed *******************
2022-06-16 23:07:21,968 - root - INFO - ***************** Add Customer Test Failed *******************
2022-06-16 23:07:21,968 - root - INFO - ***************** Add Customer Test Failed *******************
2022-06-16 23:07:25,228 - root - INFO - ********************Test_001_Login*********************
2022-06-16 23:07:25,228 - root - INFO - ********************Test_001_Login*********************
2022-06-16 23:07:25,228 - root - INFO - ********************Test_001_Login*********************
2022-06-16 23:07:25,228 - root - INFO - ********************Test_001_Login*********************
2022-06-16 23:07:25,228 - root - INFO - ********************Test_001_Login*********************
2022-06-16 23:07:25,229 - root - INFO - ********************Verifying Home Page Title*********************
2022-06-16 23:07:25,229 - root - INFO - ********************Verifying Home Page Title*********************
2022-06-16 23:07:25,229 - root - INFO - ********************Verifying Home Page Title*********************
2022-06-16 23:07:25,229 - root - INFO - ********************Verifying Home Page Title*********************
2022-06-16 23:07:25,229 - root - INFO - ********************Verifying Home Page Title*********************
2022-06-16 23:07:32,637 - root - INFO - ********************Home Page Title Test is Passed*********************
2022-06-16 23:07:32,637 - root - INFO - ********************Home Page Title Test is Passed*********************
2022-06-16 23:07:32,637 - root - INFO - ********************Home Page Title Test is Passed*********************
2022-06-16 23:07:32,637 - root - INFO - ********************Home Page Title Test is Passed*********************
2022-06-16 23:07:32,637 - root - INFO - ********************Home Page Title Test is Passed*********************
2022-06-16 23:07:36,256 - root - INFO - ********************Verifying Login Test*********************
2022-06-16 23:07:36,256 - root - INFO - ********************Verifying Login Test*********************
2022-06-16 23:07:36,256 - root - INFO - ********************Verifying Login Test*********************
2022-06-16 23:07:36,256 - root - INFO - ********************Verifying Login Test*********************
2022-06-16 23:07:36,256 - root - INFO - ********************Verifying Login Test*********************
2022-06-16 23:08:31,573 - root - INFO - ***************** Test_003_AddCustomer *******************
2022-06-16 23:08:31,573 - root - INFO - ***************** Test_003_AddCustomer *******************
2022-06-16 23:08:31,573 - root - INFO - ***************** Test_003_AddCustomer *******************
2022-06-16 23:08:31,573 - root - INFO - ***************** Test_003_AddCustomer *******************
2022-06-16 23:08:31,573 - root - INFO - ***************** Test_003_AddCustomer *******************
2022-06-16 23:08:37,531 - root - INFO - ***************** Login Successful *******************
2022-06-16 23:08:37,531 - root - INFO - ***************** Login Successful *******************
2022-06-16 23:08:37,531 - root - INFO - ***************** Login Successful *******************
2022-06-16 23:08:37,531 - root - INFO - ***************** Login Successful *******************
2022-06-16 23:08:37,531 - root - INFO - ***************** Login Successful *******************
2022-06-16 23:08:37,531 - root - INFO - ***************** Start Add Customer Test *******************
2022-06-16 23:08:37,531 - root - INFO - ***************** Start Add Customer Test *******************
2022-06-16 23:08:37,531 - root - INFO - ***************** Start Add Customer Test *******************
2022-06-16 23:08:37,531 - root - INFO - ***************** Start Add Customer Test *******************
2022-06-16 23:08:37,531 - root - INFO - ***************** Start Add Customer Test *******************
2022-06-16 23:08:41,254 - root - INFO - ***************** Providing Customer Info *******************
2022-06-16 23:08:41,254 - root - INFO - ***************** Providing Customer Info *******************
2022-06-16 23:08:41,254 - root - INFO - ***************** Providing Customer Info *******************
2022-06-16 23:08:41,254 - root - INFO - ***************** Providing Customer Info *******************
2022-06-16 23:08:41,254 - root - INFO - ***************** Providing Customer Info *******************
2022-06-16 23:08:55,812 - root - INFO - ***************** Saving Customer info *******************
2022-06-16 23:08:55,812 - root - INFO - ***************** Saving Customer info *******************
2022-06-16 23:08:55,812 - root - INFO - ***************** Saving Customer info *******************
2022-06-16 23:08:55,812 - root - INFO - ***************** Saving Customer info *******************
2022-06-16 23:08:55,812 - root - INFO - ***************** Saving Customer info *******************
2022-06-16 23:08:55,813 - root - INFO - ***************** Add Customer Validation Started *******************
2022-06-16 23:08:55,813 - root - INFO - ***************** Add Customer Validation Started *******************
2022-06-16 23:08:55,813 - root - INFO - ***************** Add Customer Validation Started *******************
2022-06-16 23:08:55,813 - root - INFO - ***************** Add Customer Validation Started *******************
2022-06-16 23:08:55,813 - root - INFO - ***************** Add Customer Validation Started *******************
2022-06-16 23:08:56,321 - root - INFO - ***************** Add Customer Test Passed *******************
2022-06-16 23:08:56,321 - root - INFO - ***************** Add Customer Test Passed *******************
2022-06-16 23:08:56,321 - root - INFO - ***************** Add Customer Test Passed *******************
2022-06-16 23:08:56,321 - root - INFO - ***************** Add Customer Test Passed *******************
2022-06-16 23:08:56,321 - root - INFO - ***************** Add Customer Test Passed *******************
2022-06-16 23:08:56,599 - root - INFO - ***************** Ending Add Customer Test *******************
2022-06-16 23:08:56,599 - root - INFO - ***************** Ending Add Customer Test *******************
2022-06-16 23:08:56,599 - root - INFO - ***************** Ending Add Customer Test *******************
2022-06-16 23:08:56,599 - root - INFO - ***************** Ending Add Customer Test *******************
2022-06-16 23:08:56,599 - root - INFO - ***************** Ending Add Customer Test *******************
2022-06-16 23:08:56,599 - root - INFO - None
2022-06-16 23:08:56,599 - root - INFO - None
2022-06-16 23:08:56,599 - root - INFO - None
2022-06-16 23:08:56,599 - root - INFO - None
2022-06-16 23:08:56,599 - root - INFO - None
2022-06-16 23:08:58,674 - root - INFO - ********************Test_001_Login*********************
2022-06-16 23:08:58,674 - root - INFO - ********************Test_001_Login*********************
2022-06-16 23:08:58,674 - root - INFO - ********************Test_001_Login*********************
2022-06-16 23:08:58,674 - root - INFO - ********************Test_001_Login*********************
2022-06-16 23:08:58,674 - root - INFO - ********************Test_001_Login*********************
2022-06-16 23:08:58,675 - root - INFO - ********************Verifying Home Page Title*********************
2022-06-16 23:08:58,675 - root - INFO - ********************Verifying Home Page Title*********************
2022-06-16 23:08:58,675 - root - INFO - ********************Verifying Home Page Title*********************
2022-06-16 23:08:58,675 - root - INFO - ********************Verifying Home Page Title*********************
2022-06-16 23:08:58,675 - root - INFO - ********************Verifying Home Page Title*********************
2022-06-16 23:09:00,576 - root - INFO - ********************Home Page Title Test is Passed*********************
2022-06-16 23:09:00,576 - root - INFO - ********************Home Page Title Test is Passed*********************
2022-06-16 23:09:00,576 - root - INFO - ********************Home Page Title Test is Passed*********************
2022-06-16 23:09:00,576 - root - INFO - ********************Home Page Title Test is Passed*********************
2022-06-16 23:09:00,576 - root - INFO - ********************Home Page Title Test is Passed*********************
2022-06-16 23:09:02,683 - root - INFO - ********************Verifying Login Test*********************
2022-06-16 23:09:02,683 - root - INFO - ********************Verifying Login Test*********************
2022-06-16 23:09:02,683 - root - INFO - ********************Verifying Login Test*********************
2022-06-16 23:09:02,683 - root - INFO - ********************Verifying Login Test*********************
2022-06-16 23:09:02,683 - root - INFO - ********************Verifying Login Test*********************
2022-06-16 23:10:55,141 - root - INFO - ***************** Test_003_AddCustomer *******************
2022-06-16 23:10:55,141 - root - INFO - ***************** Test_003_AddCustomer *******************
2022-06-16 23:10:55,141 - root - INFO - ***************** Test_003_AddCustomer *******************
2022-06-16 23:10:55,141 - root - INFO - ***************** Test_003_AddCustomer *******************
2022-06-16 23:10:55,141 - root - INFO - ***************** Test_003_AddCustomer *******************
2022-06-16 23:11:36,210 - root - INFO - ***************** Login Successful *******************
2022-06-16 23:11:36,210 - root - INFO - ***************** Login Successful *******************
2022-06-16 23:11:36,210 - root - INFO - ***************** Login Successful *******************
2022-06-16 23:11:36,210 - root - INFO - ***************** Login Successful *******************
2022-06-16 23:11:36,210 - root - INFO - ***************** Login Successful *******************
2022-06-16 23:11:36,211 - root - INFO - ***************** Start Add Customer Test *******************
2022-06-16 23:11:36,211 - root - INFO - ***************** Start Add Customer Test *******************
2022-06-16 23:11:36,211 - root - INFO - ***************** Start Add Customer Test *******************
2022-06-16 23:11:36,211 - root - INFO - ***************** Start Add Customer Test *******************
2022-06-16 23:11:36,211 - root - INFO - ***************** Start Add Customer Test *******************
2022-06-16 23:11:40,836 - root - INFO - ***************** Providing Customer Info *******************
2022-06-16 23:11:40,836 - root - INFO - ***************** Providing Customer Info *******************
2022-06-16 23:11:40,836 - root - INFO - ***************** Providing Customer Info *******************
2022-06-16 23:11:40,836 - root - INFO - ***************** Providing Customer Info *******************
2022-06-16 23:11:40,836 - root - INFO - ***************** Providing Customer Info *******************
2022-06-16 23:11:52,747 - root - INFO - ***************** Saving Customer info *******************
2022-06-16 23:11:52,747 - root - INFO - ***************** Saving Customer info *******************
2022-06-16 23:11:52,747 - root - INFO - ***************** Saving Customer info *******************
2022-06-16 23:11:52,747 - root - INFO - ***************** Saving Customer info *******************
2022-06-16 23:11:52,747 - root - INFO - ***************** Saving Customer info *******************
2022-06-16 23:11:52,748 - root - INFO - ***************** Add Customer Validation Started *******************
2022-06-16 23:11:52,748 - root - INFO - ***************** Add Customer Validation Started *******************
2022-06-16 23:11:52,748 - root - INFO - ***************** Add Customer Validation Started *******************
2022-06-16 23:11:52,748 - root - INFO - ***************** Add Customer Validation Started *******************
2022-06-16 23:11:52,748 - root - INFO - ***************** Add Customer Validation Started *******************
2022-06-16 23:11:53,359 - root - INFO - ***************** Add Customer Test Passed *******************
2022-06-16 23:11:53,359 - root - INFO - ***************** Add Customer Test Passed *******************
2022-06-16 23:11:53,359 - root - INFO - ***************** Add Customer Test Passed *******************
2022-06-16 23:11:53,359 - root - INFO - ***************** Add Customer Test Passed *******************
2022-06-16 23:11:53,359 - root - INFO - ***************** Add Customer Test Passed *******************
2022-06-16 23:11:53,498 - root - INFO - ***************** Ending Add Customer Test *******************
2022-06-16 23:11:53,498 - root - INFO - ***************** Ending Add Customer Test *******************
2022-06-16 23:11:53,498 - root - INFO - ***************** Ending Add Customer Test *******************
2022-06-16 23:11:53,498 - root - INFO - ***************** Ending Add Customer Test *******************
2022-06-16 23:11:53,498 - root - INFO - ***************** Ending Add Customer Test *******************
2022-06-16 23:11:53,513 - root - INFO - None
2022-06-16 23:11:53,513 - root - INFO - None
2022-06-16 23:11:53,513 - root - INFO - None
2022-06-16 23:11:53,513 - root - INFO - None
2022-06-16 23:11:53,513 - root - INFO - None
2022-06-16 23:11:55,583 - root - INFO - ********************Test_001_Login*********************
2022-06-16 23:11:55,583 - root - INFO - ********************Test_001_Login*********************
2022-06-16 23:11:55,583 - root - INFO - ********************Test_001_Login*********************
2022-06-16 23:11:55,583 - root - INFO - ********************Test_001_Login*********************
2022-06-16 23:11:55,583 - root - INFO - ********************Test_001_Login*********************
2022-06-16 23:11:55,584 - root - INFO - ********************Verifying Home Page Title*********************
2022-06-16 23:11:55,584 - root - INFO - ********************Verifying Home Page Title*********************
2022-06-16 23:11:55,584 - root - INFO - ********************Verifying Home Page Title*********************
2022-06-16 23:11:55,584 - root - INFO - ********************Verifying Home Page Title*********************
2022-06-16 23:11:55,584 - root - INFO - ********************Verifying Home Page Title*********************
2022-06-16 23:12:27,696 - root - ERROR - ********************Home Page Title Test is Failed*********************
2022-06-16 23:12:27,696 - root - ERROR - ********************Home Page Title Test is Failed*********************
2022-06-16 23:12:27,696 - root - ERROR - ********************Home Page Title Test is Failed*********************
2022-06-16 23:12:27,696 - root - ERROR - ********************Home Page Title Test is Failed*********************
2022-06-16 23:12:27,696 - root - ERROR - ********************Home Page Title Test is Failed*********************
2022-06-16 23:12:30,446 - root - INFO - ********************Verifying Login Test*********************
2022-06-16 23:12:30,446 - root - INFO - ********************Verifying Login Test*********************
2022-06-16 23:12:30,446 - root - INFO - ********************Verifying Login Test*********************
2022-06-16 23:12:30,446 - root - INFO - ********************Verifying Login Test*********************
2022-06-16 23:12:30,446 - root - INFO - ********************Verifying Login Test*********************
2022-06-16 23:12:37,707 - root - INFO - ********************Login Test is Passed*********************
2022-06-16 23:12:37,707 - root - INFO - ********************Login Test is Passed*********************
2022-06-16 23:12:37,707 - root - INFO - ********************Login Test is Passed*********************
2022-06-16 23:12:37,707 - root - INFO - ********************Login Test is Passed*********************
2022-06-16 23:12:37,707 - root - INFO - ********************Login Test is Passed*********************
2022-06-16 23:17:20,286 - root - INFO - ***************** Test_003_AddCustomer *******************
2022-06-16 23:17:20,286 - root - INFO - ***************** Test_003_AddCustomer *******************
2022-06-16 23:17:20,286 - root - INFO - ***************** Test_003_AddCustomer *******************
2022-06-16 23:17:20,286 - root - INFO - ***************** Test_003_AddCustomer *******************
2022-06-16 23:17:20,286 - root - INFO - ***************** Test_003_AddCustomer *******************
2022-06-16 23:18:03,073 - root - INFO - ***************** Login Successful *******************
2022-06-16 23:18:03,073 - root - INFO - ***************** Login Successful *******************
2022-06-16 23:18:03,073 - root - INFO - ***************** Login Successful *******************
2022-06-16 23:18:03,073 - root - INFO - ***************** Login Successful *******************
2022-06-16 23:18:03,073 - root - INFO - ***************** Login Successful *******************
2022-06-16 23:18:03,074 - root - INFO - ***************** Start Add Customer Test *******************
2022-06-16 23:18:03,074 - root - INFO - ***************** Start Add Customer Test *******************
2022-06-16 23:18:03,074 - root - INFO - ***************** Start Add Customer Test *******************
2022-06-16 23:18:03,074 - root - INFO - ***************** Start Add Customer Test *******************
2022-06-16 23:18:03,074 - root - INFO - ***************** Start Add Customer Test *******************
2022-06-16 23:18:09,190 - root - INFO - ***************** Providing Customer Info *******************
2022-06-16 23:18:09,190 - root - INFO - ***************** Providing Customer Info *******************
2022-06-16 23:18:09,190 - root - INFO - ***************** Providing Customer Info *******************
2022-06-16 23:18:09,190 - root - INFO - ***************** Providing Customer Info *******************
2022-06-16 23:18:09,190 - root - INFO - ***************** Providing Customer Info *******************
2022-06-16 23:18:22,373 - root - INFO - ***************** Saving Customer info *******************
2022-06-16 23:18:22,373 - root - INFO - ***************** Saving Customer info *******************
2022-06-16 23:18:22,373 - root - INFO - ***************** Saving Customer info *******************
2022-06-16 23:18:22,373 - root - INFO - ***************** Saving Customer info *******************
2022-06-16 23:18:22,373 - root - INFO - ***************** Saving Customer info *******************
2022-06-16 23:18:22,374 - root - INFO - ***************** Add Customer Validation Started *******************
2022-06-16 23:18:22,374 - root - INFO - ***************** Add Customer Validation Started *******************
2022-06-16 23:18:22,374 - root - INFO - ***************** Add Customer Validation Started *******************
2022-06-16 23:18:22,374 - root - INFO - ***************** Add Customer Validation Started *******************
2022-06-16 23:18:22,374 - root - INFO - ***************** Add Customer Validation Started *******************
2022-06-16 23:18:22,616 - root - INFO - ***************** Add Customer Test Passed *******************
2022-06-16 23:18:22,616 - root - INFO - ***************** Add Customer Test Passed *******************
2022-06-16 23:18:22,616 - root - INFO - ***************** Add Customer Test Passed *******************
2022-06-16 23:18:22,616 - root - INFO - ***************** Add Customer Test Passed *******************
2022-06-16 23:18:22,616 - root - INFO - ***************** Add Customer Test Passed *******************
2022-06-16 23:18:22,757 - root - INFO - ***************** Ending Add Customer Test *******************
2022-06-16 23:18:22,757 - root - INFO - ***************** Ending Add Customer Test *******************
2022-06-16 23:18:22,757 - root - INFO - ***************** Ending Add Customer Test *******************
2022-06-16 23:18:22,757 - root - INFO - ***************** Ending Add Customer Test *******************
2022-06-16 23:18:22,757 - root - INFO - ***************** Ending Add Customer Test *******************
2022-06-16 23:18:22,757 - root - INFO - None
2022-06-16 23:18:22,757 - root - INFO - None
2022-06-16 23:18:22,757 - root - INFO - None
2022-06-16 23:18:22,757 - root - INFO - None
2022-06-16 23:18:22,757 - root - INFO - None
2022-06-16 23:18:24,828 - root - INFO - ********************Test_001_Login*********************
2022-06-16 23:18:24,828 - root - INFO - ********************Test_001_Login*********************
2022-06-16 23:18:24,828 - root - INFO - ********************Test_001_Login*********************
2022-06-16 23:18:24,828 - root - INFO - ********************Test_001_Login*********************
2022-06-16 23:18:24,828 - root - INFO - ********************Test_001_Login*********************
2022-06-16 23:18:24,829 - root - INFO - ********************Verifying Home Page Title*********************
2022-06-16 23:18:24,829 - root - INFO - ********************Verifying Home Page Title*********************
2022-06-16 23:18:24,829 - root - INFO - ********************Verifying Home Page Title*********************
2022-06-16 23:18:24,829 - root - INFO - ********************Verifying Home Page Title*********************
2022-06-16 23:18:24,829 - root - INFO - ********************Verifying Home Page Title*********************
2022-06-16 23:18:38,595 - root - INFO - ********************Home Page Title Test is Passed*********************
2022-06-16 23:18:38,595 - root - INFO - ********************Home Page Title Test is Passed*********************
2022-06-16 23:18:38,595 - root - INFO - ********************Home Page Title Test is Passed*********************
2022-06-16 23:18:38,595 - root - INFO - ********************Home Page Title Test is Passed*********************
2022-06-16 23:18:38,595 - root - INFO - ********************Home Page Title Test is Passed*********************
